[2023-02-08 16:10:20] [[31merror[39m] Error: ValidationError: jobDistribute: Path `jobDistribute` is required.
    at createJob (C:\Users\martg\OneDrive\Desktop\AMAI AGENCY\traffic-tool-backend\controllers\jobtraffic\jobtraffic.controller.js:36:20)
    at processTicksAndRejections (node:internal/process/task_queues:96:5)
[2023-02-08 16:10:31] [[31merror[39m] Error: ValidationError: jobDistribute: Path `jobDistribute` is required.
    at createJob (C:\Users\martg\OneDrive\Desktop\AMAI AGENCY\traffic-tool-backend\controllers\jobtraffic\jobtraffic.controller.js:36:20)
    at processTicksAndRejections (node:internal/process/task_queues:96:5)
[2023-02-08 16:10:40] [[31merror[39m] Error: ValidationError: jobDistribute: Path `jobDistribute` is required.
    at createJob (C:\Users\martg\OneDrive\Desktop\AMAI AGENCY\traffic-tool-backend\controllers\jobtraffic\jobtraffic.controller.js:36:20)
    at processTicksAndRejections (node:internal/process/task_queues:96:5)
[2023-02-08 16:25:28] [[31merror[39m] Error: TypeError: Cannot read properties of undefined (reading 'status')
    at assignJob (C:\Users\martg\OneDrive\Desktop\AMAI AGENCY\traffic-tool-backend\controllers\jobtraffic\jobtraffic.controller.js:109:20)
    at processTicksAndRejections (node:internal/process/task_queues:96:5)
[2023-02-08 16:25:44] [[31merror[39m] Error: TypeError: Cannot read properties of undefined (reading 'status')
    at assignJob (C:\Users\martg\OneDrive\Desktop\AMAI AGENCY\traffic-tool-backend\controllers\jobtraffic\jobtraffic.controller.js:109:20)
    at processTicksAndRejections (node:internal/process/task_queues:96:5)
[2023-02-08 16:26:29] [[31merror[39m] Error: TypeError: Cannot read properties of undefined (reading 'status')
    at assignJob (C:\Users\martg\OneDrive\Desktop\AMAI AGENCY\traffic-tool-backend\controllers\jobtraffic\jobtraffic.controller.js:109:20)
    at processTicksAndRejections (node:internal/process/task_queues:96:5)
[2023-02-08 16:27:21] [[31merror[39m] Error: TypeError: Cannot read properties of undefined (reading 'status')
    at assignJob (C:\Users\martg\OneDrive\Desktop\AMAI AGENCY\traffic-tool-backend\controllers\jobtraffic\jobtraffic.controller.js:109:20)
    at processTicksAndRejections (node:internal/process/task_queues:96:5)
[2023-02-08 16:55:48] [[31merror[39m] Error: TypeError: Cannot read properties of null (reading 'coinPerTraffic')
    at assignJob (C:\Users\martg\OneDrive\Desktop\AMAI AGENCY\traffic-tool-backend\controllers\jobtraffic\jobtraffic.controller.js:117:20)
    at processTicksAndRejections (node:internal/process/task_queues:96:5)
[2023-02-08 16:56:23] [[31merror[39m] Error: TypeError: Cannot read properties of null (reading 'coinPerTraffic')
    at assignJob (C:\Users\martg\OneDrive\Desktop\AMAI AGENCY\traffic-tool-backend\controllers\jobtraffic\jobtraffic.controller.js:117:20)
    at processTicksAndRejections (node:internal/process/task_queues:96:5)
[2023-02-08 16:56:34] [[31merror[39m] Error: TypeError: Cannot read properties of null (reading 'coinPerTraffic')
    at assignJob (C:\Users\martg\OneDrive\Desktop\AMAI AGENCY\traffic-tool-backend\controllers\jobtraffic\jobtraffic.controller.js:119:20)
    at processTicksAndRejections (node:internal/process/task_queues:96:5)
